---
driver=<class 'textual.drivers.linux_driver.LinuxDriver'>
Load() >>> MyApp(title='Textual')
Mount() >>> MyApp(title='Textual Application')
Mount() >>> DockView(name='DockView#1')
Mount() >>> DockView(name='DockView#2')
Mount() >>> Header('')
Mount() >>> DockView(name='DockView#3')
view.forwarded Key(key='enter')
Key(key='enter') >>> MyApp(title='Textual Application')
set_focus Placeholder(name='Placeholder#2')
Focus() >>> Placeholder(name='Placeholder#2')
MouseDown(x=78, y=7, delta_x=78, delta_y=10, screen_y=10, button=1) >>> Placeholder(name='Placeholder#2', has_focus=True)
MouseUp(x=78, y=7, screen_y=10, button=1) >>> Placeholder(name='Placeholder#2', has_focus=True)
Click(x=78, y=7, screen_y=10, button=1) >>> Placeholder(name='Placeholder#2', has_focus=True)
set_focus Header('Textual Application')
Blur() >>> Placeholder(name='Placeholder#2', has_focus=True)
MouseDown(x=84, y=1, delta_x=6, delta_y=-9, button=1) >>> Header('Textual Application')
MouseUp(x=84, y=1, button=1) >>> Header('Textual Application')
Click(x=84, y=1, button=1) >>> Header('Textual Application')
Click(x=84, y=1, button=1) >>> Header('Textual Application')
set_focus Header('Textual Application')
MouseDown(x=84, y=1, button=1) >>> Header('Textual Application')
MouseUp(x=84, y=1, button=1) >>> Header('Textual Application')
Click(x=84, y=1, button=1) >>> Header('Textual Application')
Click(x=84, y=1, button=1) >>> Header('Textual Application')
set_focus Footer(keys=[])
MouseDown(x=68, y=0, delta_x=-16, delta_y=32, screen_y=33, button=1) >>> Footer(keys=[])
MouseUp(x=68, y=0, screen_y=33, button=1) >>> Footer(keys=[])
Click(x=68, y=0, screen_y=33, button=1) >>> Footer(keys=[])
Key(key='b') >>> MyApp(title='Textual Application')
ACTION MyApp(title='Textual Application') toggle_sidebar
Key(key='b') >>> MyApp(title='Textual Application')
ACTION MyApp(title='Textual Application') toggle_sidebar
Key(key='ctrl+w') >>> MyApp(title='Textual Application')
Key(key='q') >>> MyApp(title='Textual Application')
ACTION MyApp(title='Textual Application') quit
CLOSED MyApp(title='Textual Application')
PROCESS END
CLOSED Placeholder(name='Placeholder#2')
CLOSED DockView(name='DockView#3')
CLOSED Header('Textual Application')
