Gtk-Message: 17:42:21.706: GtkDialog mapped without a transient parent. This is discouraged.
This tool has been deprecated, use 'gio trash' instead.
See 'gio help trash' for more info.

Gtk-Message: 17:42:56.532: GtkDialog mapped without a transient parent. This is discouraged.
This tool has been deprecated, use 'gio trash' instead.
See 'gio help trash' for more info.

Gtk-Message: 17:44:49.208: GtkDialog mapped without a transient parent. This is discouraged.
Gtk-Message: 17:47:45.696: GtkDialog mapped without a transient parent. This is discouraged.
This tool has been deprecated, use 'gio trash' instead.
See 'gio help trash' for more info.

Gtk-Message: 17:48:07.417: GtkDialog mapped without a transient parent. This is discouraged.
This tool has been deprecated, use 'gio trash' instead.
See 'gio help trash' for more info.

Gtk-Message: 17:48:24.587: GtkDialog mapped without a transient parent. This is discouraged.
This tool has been deprecated, use 'gio trash' instead.
See 'gio help trash' for more info.

Gtk-Message: 17:48:33.309: GtkDialog mapped without a transient parent. This is discouraged.
This tool has been deprecated, use 'gio trash' instead.
See 'gio help trash' for more info.

Gtk-Message: 17:48:59.143: GtkDialog mapped without a transient parent. This is discouraged.
This tool has been deprecated, use 'gio trash' instead.
See 'gio help trash' for more info.

Gtk-Message: 17:50:15.536: GtkDialog mapped without a transient parent. This is discouraged.
This tool has been deprecated, use 'gio trash' instead.
See 'gio help trash' for more info.

Gtk-Message: 17:52:15.011: GtkDialog mapped without a transient parent. This is discouraged.
This tool has been deprecated, use 'gio trash' instead.
See 'gio help trash' for more info.

Gtk-Message: 17:52:20.989: GtkDialog mapped without a transient parent. This is discouraged.
This tool has been deprecated, use 'gio trash' instead.
See 'gio help trash' for more info.

Gtk-Message: 17:52:23.861: GtkDialog mapped without a transient parent. This is discouraged.
This tool has been deprecated, use 'gio trash' instead.
See 'gio help trash' for more info.

Gtk-Message: 17:52:27.695: GtkDialog mapped without a transient parent. This is discouraged.
This tool has been deprecated, use 'gio trash' instead.
See 'gio help trash' for more info.

Gtk-Message: 18:03:46.862: GtkDialog mapped without a transient parent. This is discouraged.
This tool has been deprecated, use 'gio trash' instead.
See 'gio help trash' for more info.

This tool has been deprecated, use 'gio trash' instead.
See 'gio help trash' for more info.

Gtk-Message: 18:03:59.811: GtkDialog mapped without a transient parent. This is discouraged.
This tool has been deprecated, use 'gio trash' instead.
See 'gio help trash' for more info.

This tool has been deprecated, use 'gio trash' instead.
See 'gio help trash' for more info.

This tool has been deprecated, use 'gio trash' instead.
See 'gio help trash' for more info.

Attempting to call a function in a renderer window that has been closed or released.
Function provided here: worker.js:61:22
Remote event names: destroyed, crashed
Gtk-Message: 13:08:25.753: GtkDialog mapped without a transient parent. This is discouraged.
This tool has been deprecated, use 'gio trash' instead.
See 'gio help trash' for more info.

Gtk-Message: 13:28:53.605: GtkDialog mapped without a transient parent. This is discouraged.
This tool has been deprecated, use 'gio trash' instead.
See 'gio help trash' for more info.

Gtk-Message: 13:29:01.449: GtkDialog mapped without a transient parent. This is discouraged.
This tool has been deprecated, use 'gio trash' instead.
See 'gio help trash' for more info.

Gtk-Message: 06:16:04.505: GtkDialog mapped without a transient parent. This is discouraged.
This tool has been deprecated, use 'gio trash' instead.
See 'gio help trash' for more info.

